<?xml version="1.0" encoding="UTF-8"?>
<testsuite xmlns:xsi="http://www.w3.org/2001/XMLSchema-instance" xsi:noNamespaceSchemaLocation="https://maven.apache.org/surefire/maven-surefire-plugin/xsd/surefire-test-report-3.0.xsd" version="3.0" name="com.cosmos.usersmanagementsystem.UsersmanagementsystemApplicationTests" time="8.0" tests="1" errors="0" skipped="0" failures="0">
  <properties>
[...]
</properties>
  <testcase name="contextLoads" classname="com.cosmos.usersmanagementsystem.UsersmanagementsystemApplicationTests" time="0.487">
    <system-out><![CDATA[18:32:57.343 [main] INFO org.springframework.test.context.support.AnnotationConfigContextLoaderUtils -- Could not detect default configuration classes for test class [com.cosmos.usersmanagementsystem.UsersmanagementsystemApplicationTests]: UsersmanagementsystemApplicationTests does not declare any static, non-private, non-final, nested classes annotated with @Configuration.
18:32:57.463 [main] INFO org.springframework.boot.test.context.SpringBootTestContextBootstrapper -- Found @SpringBootConfiguration com.cosmos.usersmanagementsystem.UsersmanagementsystemApplication for test class com.cosmos.usersmanagementsystem.UsersmanagementsystemApplicationTests

  .   ____          _            __ _ _
 /\\ / ___'_ __ _ _(_)_ __  __ _ \ \ \ \
( ( )\___ | '_ | '_| | '_ \/ _` | \ \ \ \
 \\/  ___)| |_)| | | | | || (_| |  ) ) ) )
  '  |____| .__|_| |_|_| |_\__, | / / / /
 =========|_|==============|___/=/_/_/_/
 :: Spring Boot ::                (v3.2.4)

2024-06-21T18:32:57.911+01:00  INFO 3060 --- [           main] .u.UsersmanagementsystemApplicationTests : Starting UsersmanagementsystemApplicationTests using Java 21.0.2 with PID 3060 (started by PC in C:\Users\PC\IdeaProjects\Ryde-backend)
2024-06-21T18:32:57.912+01:00  INFO 3060 --- [           main] .u.UsersmanagementsystemApplicationTests : No active profile set, falling back to 1 default profile: "default"
2024-06-21T18:32:59.339+01:00  INFO 3060 --- [           main] .s.d.r.c.RepositoryConfigurationDelegate : Bootstrapping Spring Data JPA repositories in DEFAULT mode.
2024-06-21T18:32:59.498+01:00  INFO 3060 --- [           main] .s.d.r.c.RepositoryConfigurationDelegate : Finished Spring Data repository scanning in 140 ms. Found 10 JPA repository interfaces.
2024-06-21T18:33:00.426+01:00  INFO 3060 --- [           main] o.hibernate.jpa.internal.util.LogHelper  : HHH000204: Processing PersistenceUnitInfo [name: default]
2024-06-21T18:33:00.542+01:00  INFO 3060 --- [           main] org.hibernate.Version                    : HHH000412: Hibernate ORM core version 6.4.4.Final
2024-06-21T18:33:00.587+01:00  INFO 3060 --- [           main] o.h.c.internal.RegionFactoryInitiator    : HHH000026: Second-level cache disabled
2024-06-21T18:33:00.934+01:00  INFO 3060 --- [           main] o.s.o.j.p.SpringPersistenceUnitInfo      : No LoadTimeWeaver setup: ignoring JPA class transformer
2024-06-21T18:33:00.982+01:00  INFO 3060 --- [           main] com.zaxxer.hikari.HikariDataSource       : HikariPool-1 - Starting...
2024-06-21T18:33:01.251+01:00  INFO 3060 --- [           main] com.zaxxer.hikari.pool.HikariPool        : HikariPool-1 - Added connection org.postgresql.jdbc.PgConnection@106cd9c8
2024-06-21T18:33:01.252+01:00  INFO 3060 --- [           main] com.zaxxer.hikari.HikariDataSource       : HikariPool-1 - Start completed.
2024-06-21T18:33:01.300+01:00  WARN 3060 --- [           main] org.hibernate.orm.deprecation            : HHH90000025: PostgreSQLDialect does not need to be specified explicitly using 'hibernate.dialect' (remove the property setting and it will be selected by default)
2024-06-21T18:33:02.393+01:00  INFO 3060 --- [           main] o.h.e.t.j.p.i.JtaPlatformInitiator       : HHH000489: No JTA platform available (set 'hibernate.transaction.jta.platform' to enable JTA platform integration)
2024-06-21T18:33:02.542+01:00  INFO 3060 --- [           main] j.LocalContainerEntityManagerFactoryBean : Initialized JPA EntityManagerFactory for persistence unit 'default'
2024-06-21T18:33:02.962+01:00  INFO 3060 --- [           main] o.s.d.j.r.query.QueryEnhancerFactory     : Hibernate is in classpath; If applicable, HQL parser will be used.
2024-06-21T18:33:03.777+01:00  WARN 3060 --- [           main] JpaBaseConfiguration$JpaWebConfiguration : spring.jpa.open-in-view is enabled by default. Therefore, database queries may be performed during view rendering. Explicitly configure spring.jpa.open-in-view to disable this warning
2024-06-21T18:33:04.210+01:00  INFO 3060 --- [           main] o.s.s.web.DefaultSecurityFilterChain     : Will secure any request with [org.springframework.security.web.session.DisableEncodeUrlFilter@3cc9bde9, org.springframework.security.web.context.request.async.WebAsyncManagerIntegrationFilter@75bbeb89, org.springframework.security.web.context.SecurityContextHolderFilter@6a434cdd, org.springframework.security.web.header.HeaderWriterFilter@198c97d0, org.springframework.web.filter.CorsFilter@197bf5ef, org.springframework.security.web.authentication.logout.LogoutFilter@7dc16d33, com.cosmos.usersmanagementsystem.config.JWTAuthFilter@18f1631c, org.springframework.security.web.savedrequest.RequestCacheAwareFilter@27df4dcb, org.springframework.security.web.servletapi.SecurityContextHolderAwareRequestFilter@7ddd5715, org.springframework.security.web.authentication.AnonymousAuthenticationFilter@681ba763, org.springframework.security.web.session.SessionManagementFilter@276ac94c, org.springframework.security.web.access.ExceptionTranslationFilter@16cc5e51, org.springframework.security.web.access.intercept.AuthorizationFilter@322f6283]
2024-06-21T18:33:04.651+01:00  INFO 3060 --- [           main] .u.UsersmanagementsystemApplicationTests : Started UsersmanagementsystemApplicationTests in 7.02 seconds (process running for 8.141)
]]></system-out>
    <system-err><![CDATA[WARNING: A Java agent has been loaded dynamically (C:\Users\PC\.m2\repository\net\bytebuddy\byte-buddy-agent\1.14.12\byte-buddy-agent-1.14.12.jar)
WARNING: If a serviceability tool is in use, please run with -XX:+EnableDynamicAgentLoading to hide this warning
WARNING: If a serviceability tool is not in use, please run with -Djdk.instrument.traceUsage for more information
WARNING: Dynamic loading of agents will be disallowed by default in a future release
]]></system-err>
  </testcase>
</testsuite>